Copyright 1986-2018 Xilinx, Inc. All Rights Reserved.
-----------------------------------------------------------------------------------------------------------------------------------------------------------------
| Tool Version : Vivado v.2018.1 (win64) Build 2188600 Wed Apr  4 18:40:38 MDT 2018
| Date         : Fri Apr 27 16:05:22 2018
| Host         : DESKTOP-00180EF running 64-bit major release  (build 9200)
| Command      : report_methodology -file topmodule_methodology_drc_routed.rpt -pb topmodule_methodology_drc_routed.pb -rpx topmodule_methodology_drc_routed.rpx
| Design       : topmodule
| Device       : xc7a35tcpg236-1
| Speed File   : -1
| Design State : Routed
-----------------------------------------------------------------------------------------------------------------------------------------------------------------

Report Methodology

Table of Contents
-----------------
1. REPORT SUMMARY
2. REPORT DETAILS

1. REPORT SUMMARY
-----------------
            Netlist: netlist
          Floorplan: design_1
      Design limits: <entire design considered>
             Max violations: <unlimited>
             Violations found: 11
+-----------+----------+------------------------------------------+------------+
| Rule      | Severity | Description                              | Violations |
+-----------+----------+------------------------------------------+------------+
| TIMING-16 | Warning  | Large setup violation                    | 1          |
| TIMING-18 | Warning  | Missing input or output delay            | 2          |
| XDCH-2    | Warning  | Same min and max delay values on IO port | 8          |
+-----------+----------+------------------------------------------+------------+

2. REPORT DETAILS
-----------------
TIMING-16#1 Warning
Large setup violation  
There is a large setup violation of -1.015 ns between design_2_i/rs_erasure_0/inst/ap_enable_reg_pp0_iter1_reg/C (clocked by clk_pin) and led_pins[5] (clocked by virtual_clock). Large setup violations at the end of those stages might be difficult to fix during the post-placement implementation flow and could be the result of non-optimal XDC constraints or non-optimal design architecture
Related violations: <none>

TIMING-18#1 Warning
Missing input or output delay  
An input delay is missing on rst_pin relative to clock(s) clk_pin
Related violations: <none>

TIMING-18#2 Warning
Missing input or output delay  
An input delay is missing on rxd_pin relative to clock(s) clk_pin
Related violations: <none>

XDCH-2#1 Warning
Same min and max delay values on IO port  
The same output delay of 0.000 ns has been defined on port 'led_pins[0]' relative to clock virtual_clock for both max and min. Make sure this reflects the design intent.
set_output_delay -clock virtual_clock 0.000 [get_ports {led_pins[*]}]
C:/Users/Jorge/Documents/LabHLS_RS2016_4/LabHLS_RS2016_4.srcs/constrs_1/imports/lab3/uart_led_timing.xdc (Line: 16)
Related violations: <none>

XDCH-2#2 Warning
Same min and max delay values on IO port  
The same output delay of 0.000 ns has been defined on port 'led_pins[1]' relative to clock virtual_clock for both max and min. Make sure this reflects the design intent.
set_output_delay -clock virtual_clock 0.000 [get_ports {led_pins[*]}]
C:/Users/Jorge/Documents/LabHLS_RS2016_4/LabHLS_RS2016_4.srcs/constrs_1/imports/lab3/uart_led_timing.xdc (Line: 16)
Related violations: <none>

XDCH-2#3 Warning
Same min and max delay values on IO port  
The same output delay of 0.000 ns has been defined on port 'led_pins[2]' relative to clock virtual_clock for both max and min. Make sure this reflects the design intent.
set_output_delay -clock virtual_clock 0.000 [get_ports {led_pins[*]}]
C:/Users/Jorge/Documents/LabHLS_RS2016_4/LabHLS_RS2016_4.srcs/constrs_1/imports/lab3/uart_led_timing.xdc (Line: 16)
Related violations: <none>

XDCH-2#4 Warning
Same min and max delay values on IO port  
The same output delay of 0.000 ns has been defined on port 'led_pins[3]' relative to clock virtual_clock for both max and min. Make sure this reflects the design intent.
set_output_delay -clock virtual_clock 0.000 [get_ports {led_pins[*]}]
C:/Users/Jorge/Documents/LabHLS_RS2016_4/LabHLS_RS2016_4.srcs/constrs_1/imports/lab3/uart_led_timing.xdc (Line: 16)
Related violations: <none>

XDCH-2#5 Warning
Same min and max delay values on IO port  
The same output delay of 0.000 ns has been defined on port 'led_pins[4]' relative to clock virtual_clock for both max and min. Make sure this reflects the design intent.
set_output_delay -clock virtual_clock 0.000 [get_ports {led_pins[*]}]
C:/Users/Jorge/Documents/LabHLS_RS2016_4/LabHLS_RS2016_4.srcs/constrs_1/imports/lab3/uart_led_timing.xdc (Line: 16)
Related violations: <none>

XDCH-2#6 Warning
Same min and max delay values on IO port  
The same output delay of 0.000 ns has been defined on port 'led_pins[5]' relative to clock virtual_clock for both max and min. Make sure this reflects the design intent.
set_output_delay -clock virtual_clock 0.000 [get_ports {led_pins[*]}]
C:/Users/Jorge/Documents/LabHLS_RS2016_4/LabHLS_RS2016_4.srcs/constrs_1/imports/lab3/uart_led_timing.xdc (Line: 16)
Related violations: <none>

XDCH-2#7 Warning
Same min and max delay values on IO port  
The same output delay of 0.000 ns has been defined on port 'led_pins[6]' relative to clock virtual_clock for both max and min. Make sure this reflects the design intent.
set_output_delay -clock virtual_clock 0.000 [get_ports {led_pins[*]}]
C:/Users/Jorge/Documents/LabHLS_RS2016_4/LabHLS_RS2016_4.srcs/constrs_1/imports/lab3/uart_led_timing.xdc (Line: 16)
Related violations: <none>

XDCH-2#8 Warning
Same min and max delay values on IO port  
The same output delay of 0.000 ns has been defined on port 'led_pins[7]' relative to clock virtual_clock for both max and min. Make sure this reflects the design intent.
set_output_delay -clock virtual_clock 0.000 [get_ports {led_pins[*]}]
C:/Users/Jorge/Documents/LabHLS_RS2016_4/LabHLS_RS2016_4.srcs/constrs_1/imports/lab3/uart_led_timing.xdc (Line: 16)
Related violations: <none>


