Copyright 1986-2016 Xilinx, Inc. All Rights Reserved.
-------------------------------------------------------------------------------------------------------------------------
| Tool Version : Vivado v.2016.4 (win64) Build 1756540 Mon Jan 23 19:11:23 MST 2017
| Date         : Tue Apr 17 15:15:54 2018
| Host         : Lesc_pc_01 running 64-bit major release  (build 9200)
| Command      : report_methodology -file topmodule_methodology_drc_routed.rpt -rpx topmodule_methodology_drc_routed.rpx
| Design       : topmodule
| Device       : xc7a35tcpg236-1
| Speed File   : -1
| Design State : Routed
-------------------------------------------------------------------------------------------------------------------------

Report Methodology

Table of Contents
-----------------
1. REPORT SUMMARY
2. REPORT DETAILS

1. REPORT SUMMARY
-----------------
            Netlist: netlist
          Floorplan: checkpoint_topmodule
      Design limits: <entire design considered>
             Max violations: <unlimited>
             Violations found: 8
+--------+----------+------------------------------------------+------------+
| Rule   | Severity | Description                              | Violations |
+--------+----------+------------------------------------------+------------+
| XDCH-2 | Warning  | Same min and max delay values on IO port | 8          |
+--------+----------+------------------------------------------+------------+

2. REPORT DETAILS
-----------------
XDCH-2#1 Warning
Same min and max delay values on IO port  
The same output delay of 0.000 ns has been defined on port 'led_pins[0]' relative to clock virtual_clock for both max and min. Make sure this reflects the design intent.
set_output_delay -clock virtual_clock 0.000 [get_ports {led_pins[*]}]
C:/LabHLS_RS2016_4/LabHLS_RS2016_4.srcs/constrs_1/imports/lab3/uart_led_timing.xdc (Line: 16)
Related violations: <none>

XDCH-2#2 Warning
Same min and max delay values on IO port  
The same output delay of 0.000 ns has been defined on port 'led_pins[1]' relative to clock virtual_clock for both max and min. Make sure this reflects the design intent.
set_output_delay -clock virtual_clock 0.000 [get_ports {led_pins[*]}]
C:/LabHLS_RS2016_4/LabHLS_RS2016_4.srcs/constrs_1/imports/lab3/uart_led_timing.xdc (Line: 16)
Related violations: <none>

XDCH-2#3 Warning
Same min and max delay values on IO port  
The same output delay of 0.000 ns has been defined on port 'led_pins[2]' relative to clock virtual_clock for both max and min. Make sure this reflects the design intent.
set_output_delay -clock virtual_clock 0.000 [get_ports {led_pins[*]}]
C:/LabHLS_RS2016_4/LabHLS_RS2016_4.srcs/constrs_1/imports/lab3/uart_led_timing.xdc (Line: 16)
Related violations: <none>

XDCH-2#4 Warning
Same min and max delay values on IO port  
The same output delay of 0.000 ns has been defined on port 'led_pins[3]' relative to clock virtual_clock for both max and min. Make sure this reflects the design intent.
set_output_delay -clock virtual_clock 0.000 [get_ports {led_pins[*]}]
C:/LabHLS_RS2016_4/LabHLS_RS2016_4.srcs/constrs_1/imports/lab3/uart_led_timing.xdc (Line: 16)
Related violations: <none>

XDCH-2#5 Warning
Same min and max delay values on IO port  
The same output delay of 0.000 ns has been defined on port 'led_pins[4]' relative to clock virtual_clock for both max and min. Make sure this reflects the design intent.
set_output_delay -clock virtual_clock 0.000 [get_ports {led_pins[*]}]
C:/LabHLS_RS2016_4/LabHLS_RS2016_4.srcs/constrs_1/imports/lab3/uart_led_timing.xdc (Line: 16)
Related violations: <none>

XDCH-2#6 Warning
Same min and max delay values on IO port  
The same output delay of 0.000 ns has been defined on port 'led_pins[5]' relative to clock virtual_clock for both max and min. Make sure this reflects the design intent.
set_output_delay -clock virtual_clock 0.000 [get_ports {led_pins[*]}]
C:/LabHLS_RS2016_4/LabHLS_RS2016_4.srcs/constrs_1/imports/lab3/uart_led_timing.xdc (Line: 16)
Related violations: <none>

XDCH-2#7 Warning
Same min and max delay values on IO port  
The same output delay of 0.000 ns has been defined on port 'led_pins[6]' relative to clock virtual_clock for both max and min. Make sure this reflects the design intent.
set_output_delay -clock virtual_clock 0.000 [get_ports {led_pins[*]}]
C:/LabHLS_RS2016_4/LabHLS_RS2016_4.srcs/constrs_1/imports/lab3/uart_led_timing.xdc (Line: 16)
Related violations: <none>

XDCH-2#8 Warning
Same min and max delay values on IO port  
The same output delay of 0.000 ns has been defined on port 'led_pins[7]' relative to clock virtual_clock for both max and min. Make sure this reflects the design intent.
set_output_delay -clock virtual_clock 0.000 [get_ports {led_pins[*]}]
C:/LabHLS_RS2016_4/LabHLS_RS2016_4.srcs/constrs_1/imports/lab3/uart_led_timing.xdc (Line: 16)
Related violations: <none>


